<?xml version="1.0" encoding="UTF-8"?>
<!-- Generated by org.testng.reporters.JUnitReportReporter -->
<testsuite hostname="DESKTOP-APJVEMU" failures="0" tests="7" name="SeleniumTests.MultithreadedSelenium.GoogleTest" time="199.275" errors="0" timestamp="2019-10-31T15:28:46 PDT" skipped="0">
  <testcase classname="SeleniumTests.MultithreadedSelenium.GoogleTest" name="test1" time="27.060"/>
  <testcase classname="SeleniumTests.MultithreadedSelenium.GoogleTest" name="test5" time="6.339"/>
  <testcase classname="SeleniumTests.MultithreadedSelenium.GoogleTest" name="test2" time="12.199"/>
  <testcase classname="SeleniumTests.MultithreadedSelenium.GoogleTest" name="TestvalidateLogInTest" time="46.008"/>
  <testcase classname="SeleniumTests.MultithreadedSelenium.GoogleTest" name="TestvalidateLogInTest" time="38.216"/>
  <testcase classname="SeleniumTests.MultithreadedSelenium.GoogleTest" name="test3" time="32.099"/>
  <testcase classname="SeleniumTests.MultithreadedSelenium.GoogleTest" name="test4" time="37.354"/>
</testsuite> <!-- SeleniumTests.MultithreadedSelenium.GoogleTest -->
