<?xml version="1.0" encoding="UTF-8"?>
<!-- Generated by org.testng.reporters.JUnitReportReporter -->
<testsuite hostname="DESKTOP-APJVEMU" failures="0" tests="7" name="SeleniumTests.MultithreadedSelenium.GoogleTest" time="182.298" errors="0" timestamp="2019-11-02T00:46:03 PDT" skipped="0">
  <testcase classname="SeleniumTests.MultithreadedSelenium.GoogleTest" name="TestvalidateLogInTest" time="47.169"/>
  <testcase classname="SeleniumTests.MultithreadedSelenium.GoogleTest" name="test2" time="33.744"/>
  <testcase classname="SeleniumTests.MultithreadedSelenium.GoogleTest" name="test5" time="21.152"/>
  <testcase classname="SeleniumTests.MultithreadedSelenium.GoogleTest" name="TestvalidateLogInTest" time="19.563"/>
  <testcase classname="SeleniumTests.MultithreadedSelenium.GoogleTest" name="test1" time="33.703"/>
  <testcase classname="SeleniumTests.MultithreadedSelenium.GoogleTest" name="test4" time="8.310"/>
  <testcase classname="SeleniumTests.MultithreadedSelenium.GoogleTest" name="test3" time="18.657"/>
</testsuite> <!-- SeleniumTests.MultithreadedSelenium.GoogleTest -->
