<?xml version="1.0" encoding="UTF-8"?>
<!-- Generated by org.testng.reporters.JUnitReportReporter -->
<testsuite hostname="DESKTOP-APJVEMU" failures="0" tests="7" name="SeleniumTests.MultithreadedSelenium.GoogleTest" time="177.078" errors="0" timestamp="2019-11-01T00:13:18 PDT" skipped="0">
  <testcase classname="SeleniumTests.MultithreadedSelenium.GoogleTest" name="test1" time="27.540"/>
  <testcase classname="SeleniumTests.MultithreadedSelenium.GoogleTest" name="TestvalidateLogInTest" time="19.589"/>
  <testcase classname="SeleniumTests.MultithreadedSelenium.GoogleTest" name="test3" time="22.782"/>
  <testcase classname="SeleniumTests.MultithreadedSelenium.GoogleTest" name="test4" time="32.728"/>
  <testcase classname="SeleniumTests.MultithreadedSelenium.GoogleTest" name="TestvalidateLogInTest" time="45.985"/>
  <testcase classname="SeleniumTests.MultithreadedSelenium.GoogleTest" name="test2" time="22.278"/>
  <testcase classname="SeleniumTests.MultithreadedSelenium.GoogleTest" name="test5" time="6.176"/>
</testsuite> <!-- SeleniumTests.MultithreadedSelenium.GoogleTest -->
